<?xml version="1.0" encoding="UTF-8"?>
<!-- Generated by org.testng.reporters.JUnitReportReporter -->
<testsuite skipped="0" hostname="MACBOOKHODBS07.local" name="com.jakartalabs.rest.assured.tests.APITests" tests="3" failures="0" timestamp="03 Jul 2021 15:39:20 GMT" time="7.483" errors="0">
  <testcase name="signUp" time="4.308" classname="com.jakartalabs.rest.assured.tests.APITests"/>
  <testcase name="profileAPI" time="1.868" classname="com.jakartalabs.rest.assured.tests.APITests"/>
  <testcase name="logOutAPI" time="1.307" classname="com.jakartalabs.rest.assured.tests.APITests"/>
</testsuite> <!-- com.jakartalabs.rest.assured.tests.APITests -->
